<?xml version="1.0" encoding="UTF-8"?>
<!-- Generated by org.testng.reporters.JUnitReportReporter -->
<testsuite hostname="KUMARANHARSHA" failures="0" tests="1" name="org.expectedExceptionParameterAttribute.ExpectedExceptionParameterAttribute" time="4.013" errors="0" timestamp="2024-12-30T03:28:08 IST" skipped="0">
  <testcase classname="org.expectedExceptionParameterAttribute.ExpectedExceptionParameterAttribute" name="invocationCount" time="4.013"/>
  <system-out/>
</testsuite> <!-- org.expectedExceptionParameterAttribute.ExpectedExceptionParameterAttribute -->
