<?xml version="1.0" encoding="UTF-8"?>
<!-- Generated by org.testng.reporters.JUnitReportReporter -->
<testsuite hostname="KUMARANHARSHA" failures="0" tests="6" name="org.paralleMethods.ParallelMethods" time="1.987" errors="0" timestamp="2024-12-30T11:19:37 IST" skipped="0">
  <testcase classname="org.paralleMethods.ParallelMethods" name="nameField" time="0.321"/>
  <system-out/>
  <testcase classname="org.paralleMethods.ParallelMethods" name="phoneNumberField" time="0.415"/>
  <system-out/>
  <testcase classname="org.paralleMethods.ParallelMethods" name="genderRadioButton" time="0.453"/>
  <system-out/>
  <testcase classname="org.paralleMethods.ParallelMethods" name="addressField" time="0.148"/>
  <system-out/>
  <testcase classname="org.paralleMethods.ParallelMethods" name="daysCheckBox" time="0.244"/>
  <system-out/>
  <testcase classname="org.paralleMethods.ParallelMethods" name="eMailField" time="0.406"/>
  <system-out/>
</testsuite> <!-- org.paralleMethods.ParallelMethods -->
