<?xml version="1.0" encoding="UTF-8"?>
<!-- Generated by org.testng.reporters.JUnitReportReporter -->
<testsuite hostname="KUMARANHARSHA" failures="0" tests="40" name="org.groupTest.GroupTest" time="119.258" errors="0" timestamp="2024-12-30T02:34:25 IST" skipped="0">
  <testcase classname="org.groupTest.GroupTest" name="urlLaunch" time="3.105"/>
  <system-out/>
  <testcase classname="org.groupTest.GroupTest" name="getTheAllTagsCount" time="34.738"/>
  <system-out/>
  <testcase classname="org.groupTest.GroupTest" name="getTheAllTextOfTheLinksAndText" time="1.320"/>
  <system-out/>
  <testcase classname="org.groupTest.GroupTest" name="nameField" time="0.230"/>
  <system-out/>
  <testcase classname="org.groupTest.GroupTest" name="eMailField" time="0.175"/>
  <system-out/>
  <testcase classname="org.groupTest.GroupTest" name="phoneNumberField" time="0.183"/>
  <system-out/>
  <testcase classname="org.groupTest.GroupTest" name="addressField" time="0.170"/>
  <system-out/>
  <testcase classname="org.groupTest.GroupTest" name="genderRadioButton" time="0.171"/>
  <system-out/>
  <testcase classname="org.groupTest.GroupTest" name="daysCheckBox" time="0.140"/>
  <system-out/>
  <testcase classname="org.groupTest.GroupTest" name="dropdown1" time="0.752"/>
  <system-out/>
  <testcase classname="org.groupTest.GroupTest" name="dropdown2" time="0.523"/>
  <system-out/>
  <testcase classname="org.groupTest.GroupTest" name="dropdown3" time="0.483"/>
  <system-out/>
  <testcase classname="org.groupTest.GroupTest" name="datePicker1" time="1.959"/>
  <system-out/>
  <testcase classname="org.groupTest.GroupTest" name="datePicker2" time="0.956"/>
  <system-out/>
  <testcase classname="org.groupTest.GroupTest" name="windowHandling1" time="3.109"/>
  <system-out/>
  <testcase classname="org.groupTest.GroupTest" name="windowHandling2" time="1.652"/>
  <system-out/>
  <testcase classname="org.groupTest.GroupTest" name="uploadFile1" time="0.327"/>
  <system-out/>
  <testcase classname="org.groupTest.GroupTest" name="uploadFile2" time="0.317"/>
  <system-out/>
  <testcase classname="org.groupTest.GroupTest" name="webTable1" time="11.220"/>
  <system-out/>
  <testcase classname="org.groupTest.GroupTest" name="webTable2" time="0.882"/>
  <system-out/>
  <testcase classname="org.groupTest.GroupTest" name="form1" time="0.184"/>
  <system-out/>
  <testcase classname="org.groupTest.GroupTest" name="form2" time="0.136"/>
  <system-out/>
  <testcase classname="org.groupTest.GroupTest" name="form3" time="0.142"/>
  <system-out/>
  <testcase classname="org.groupTest.GroupTest" name="hiddenElements" time="4.244"/>
  <system-out/>
  <testcase classname="org.groupTest.GroupTest" name="downloadFileArea" time="6.203"/>
  <system-out/>
  <testcase classname="org.groupTest.GroupTest" name="handleTheNewTab1" time="2.820"/>
  <system-out/>
  <testcase classname="org.groupTest.GroupTest" name="handleTheNewTab2" time="5.646"/>
  <system-out/>
  <testcase classname="org.groupTest.GroupTest" name="handleTheNewWindow" time="1.944"/>
  <system-out/>
  <testcase classname="org.groupTest.GroupTest" name="simpleAlert" time="0.175"/>
  <system-out/>
  <testcase classname="org.groupTest.GroupTest" name="confirmAlert" time="0.206"/>
  <system-out/>
  <testcase classname="org.groupTest.GroupTest" name="promptAlert" time="0.224"/>
  <system-out/>
  <testcase classname="org.groupTest.GroupTest" name="mouseHover" time="0.203"/>
  <system-out/>
  <testcase classname="org.groupTest.GroupTest" name="doubleClick" time="0.225"/>
  <system-out/>
  <testcase classname="org.groupTest.GroupTest" name="contextClick" time="0.036"/>
  <system-out/>
  <testcase classname="org.groupTest.GroupTest" name="dragAndDrop" time="0.390"/>
  <system-out/>
  <testcase classname="org.groupTest.GroupTest" name="slider" time="0.000"/>
  <system-out/>
  <testcase classname="org.groupTest.GroupTest" name="svgElements" time="0.561"/>
  <system-out/>
  <testcase classname="org.groupTest.GroupTest" name="scrollingDropDown" time="1.208"/>
  <system-out/>
  <testcase classname="org.groupTest.GroupTest" name="brokenLinks" time="32.043"/>
  <system-out/>
  <testcase classname="org.groupTest.GroupTest" name="shadowDomSendKeys" time="0.256"/>
  <system-out/>
</testsuite> <!-- org.groupTest.GroupTest -->
