<?xml version="1.0" encoding="UTF-8"?>
<!-- Generated by org.testng.reporters.JUnitReportReporter -->
<testsuite hostname="KUMARANHARSHA" failures="0" tests="39" name="org.groupOfGroup.GroupOfGroup" time="117.345" errors="0" timestamp="2024-12-30T02:54:28 IST" skipped="0">
  <testcase classname="org.groupOfGroup.GroupOfGroup" name="getTheAllTagsCount" time="30.675"/>
  <system-out/>
  <testcase classname="org.groupOfGroup.GroupOfGroup" name="getTheAllTextOfTheLinksAndText" time="1.022"/>
  <system-out/>
  <testcase classname="org.groupOfGroup.GroupOfGroup" name="nameField" time="0.146"/>
  <system-out/>
  <testcase classname="org.groupOfGroup.GroupOfGroup" name="eMailField" time="0.141"/>
  <system-out/>
  <testcase classname="org.groupOfGroup.GroupOfGroup" name="phoneNumberField" time="0.106"/>
  <system-out/>
  <testcase classname="org.groupOfGroup.GroupOfGroup" name="addressField" time="0.084"/>
  <system-out/>
  <testcase classname="org.groupOfGroup.GroupOfGroup" name="genderRadioButton" time="0.151"/>
  <system-out/>
  <testcase classname="org.groupOfGroup.GroupOfGroup" name="daysCheckBox" time="0.138"/>
  <system-out/>
  <testcase classname="org.groupOfGroup.GroupOfGroup" name="dropdown1" time="0.511"/>
  <system-out/>
  <testcase classname="org.groupOfGroup.GroupOfGroup" name="dropdown2" time="0.486"/>
  <system-out/>
  <testcase classname="org.groupOfGroup.GroupOfGroup" name="dropdown3" time="0.403"/>
  <system-out/>
  <testcase classname="org.groupOfGroup.GroupOfGroup" name="datePicker1" time="1.466"/>
  <system-out/>
  <testcase classname="org.groupOfGroup.GroupOfGroup" name="datePicker2" time="0.764"/>
  <system-out/>
  <testcase classname="org.groupOfGroup.GroupOfGroup" name="windowHandling1" time="2.028"/>
  <system-out/>
  <testcase classname="org.groupOfGroup.GroupOfGroup" name="windowHandling2" time="1.674"/>
  <system-out/>
  <testcase classname="org.groupOfGroup.GroupOfGroup" name="uploadFile1" time="0.340"/>
  <system-out/>
  <testcase classname="org.groupOfGroup.GroupOfGroup" name="uploadFile2" time="0.309"/>
  <system-out/>
  <testcase classname="org.groupOfGroup.GroupOfGroup" name="webTable1" time="11.216"/>
  <system-out/>
  <testcase classname="org.groupOfGroup.GroupOfGroup" name="webTable2" time="0.830"/>
  <system-out/>
  <testcase classname="org.groupOfGroup.GroupOfGroup" name="form1" time="0.117"/>
  <system-out/>
  <testcase classname="org.groupOfGroup.GroupOfGroup" name="form2" time="0.192"/>
  <system-out/>
  <testcase classname="org.groupOfGroup.GroupOfGroup" name="form3" time="0.155"/>
  <system-out/>
  <testcase classname="org.groupOfGroup.GroupOfGroup" name="hiddenElements" time="3.670"/>
  <system-out/>
  <testcase classname="org.groupOfGroup.GroupOfGroup" name="downloadFileArea" time="6.317"/>
  <system-out/>
  <testcase classname="org.groupOfGroup.GroupOfGroup" name="handleTheNewTab1" time="3.004"/>
  <system-out/>
  <testcase classname="org.groupOfGroup.GroupOfGroup" name="handleTheNewTab2" time="4.270"/>
  <system-out/>
  <testcase classname="org.groupOfGroup.GroupOfGroup" name="handleTheNewWindow" time="2.463"/>
  <system-out/>
  <testcase classname="org.groupOfGroup.GroupOfGroup" name="simpleAlert" time="0.187"/>
  <system-out/>
  <testcase classname="org.groupOfGroup.GroupOfGroup" name="confirmAlert" time="0.190"/>
  <system-out/>
  <testcase classname="org.groupOfGroup.GroupOfGroup" name="promptAlert" time="0.214"/>
  <system-out/>
  <testcase classname="org.groupOfGroup.GroupOfGroup" name="mouseHover" time="0.205"/>
  <system-out/>
  <testcase classname="org.groupOfGroup.GroupOfGroup" name="doubleClick" time="0.216"/>
  <system-out/>
  <testcase classname="org.groupOfGroup.GroupOfGroup" name="contextClick" time="0.032"/>
  <system-out/>
  <testcase classname="org.groupOfGroup.GroupOfGroup" name="dragAndDrop" time="0.351"/>
  <system-out/>
  <testcase classname="org.groupOfGroup.GroupOfGroup" name="slider" time="0.000"/>
  <system-out/>
  <testcase classname="org.groupOfGroup.GroupOfGroup" name="svgElements" time="0.582"/>
  <system-out/>
  <testcase classname="org.groupOfGroup.GroupOfGroup" name="scrollingDropDown" time="1.076"/>
  <system-out/>
  <testcase classname="org.groupOfGroup.GroupOfGroup" name="brokenLinks" time="41.375"/>
  <system-out/>
  <testcase classname="org.groupOfGroup.GroupOfGroup" name="shadowDomSendKeys" time="0.239"/>
  <system-out/>
</testsuite> <!-- org.groupOfGroup.GroupOfGroup -->
