<?xml version="1.0" encoding="UTF-8"?>
<!-- Generated by org.testng.reporters.JUnitReportReporter -->
<testsuite hostname="KUMARANHARSHA" failures="0" tests="7" name="org.descriptionAttribute.DescriptionAttribute" time="3.798" errors="0" timestamp="2024-12-29T03:23:59 IST" skipped="0">
  <testcase classname="org.descriptionAttribute.DescriptionAttribute" name="urlLaunch" time="3.059"/>
  <system-out/>
  <testcase classname="org.descriptionAttribute.DescriptionAttribute" name="nameField" time="0.117"/>
  <system-out/>
  <testcase classname="org.descriptionAttribute.DescriptionAttribute" name="eMailField" time="0.152"/>
  <system-out/>
  <testcase classname="org.descriptionAttribute.DescriptionAttribute" name="phoneNumberField" time="0.132"/>
  <system-out/>
  <testcase classname="org.descriptionAttribute.DescriptionAttribute" name="addressField" time="0.070"/>
  <system-out/>
  <testcase classname="org.descriptionAttribute.DescriptionAttribute" name="genderRadioButton" time="0.160"/>
  <system-out/>
  <testcase classname="org.descriptionAttribute.DescriptionAttribute" name="daysCheckBox" time="0.108"/>
  <system-out/>
</testsuite> <!-- org.descriptionAttribute.DescriptionAttribute -->
