<?xml version="1.0" encoding="UTF-8"?>
<!-- Generated by org.testng.reporters.JUnitReportReporter -->
<testsuite hostname="KUMARANHARSHA" failures="0" tests="2" name="org.invocationCountAttribute.InvocationCountAttribute" time="11.393" errors="0" timestamp="2024-12-30T03:22:15 IST" skipped="0">
  <testcase classname="org.invocationCountAttribute.InvocationCountAttribute" name="invocationCount" time="5.073"/>
  <system-out/>
  <testcase classname="org.invocationCountAttribute.InvocationCountAttribute" name="invocationCount" time="6.320"/>
  <system-out/>
</testsuite> <!-- org.invocationCountAttribute.InvocationCountAttribute -->
