<?xml version="1.0" encoding="UTF-8"?>
<!-- Generated by org.testng.reporters.JUnitReportReporter -->
<testsuite hostname="KUMARANHARSHA" failures="0" tests="1" name="org.parallelClassExecution.ParallelClass3" time="3.496" errors="0" timestamp="2024-12-30T11:32:53 IST" skipped="0">
  <testcase classname="org.parallelClassExecution.ParallelClass3" name="main" time="3.496"/>
  <system-out/>
</testsuite> <!-- org.parallelClassExecution.ParallelClass3 -->
