<?xml version="1.0" encoding="UTF-8"?>
<!-- Generated by org.testng.reporters.JUnitReportReporter -->
<testsuite hostname="KUMARANHARSHA" failures="0" tests="7" name="org.priorityAttribute.PriorityAttribute" time="4.933" errors="0" timestamp="2024-12-29T03:06:24 IST" skipped="0">
  <testcase classname="org.priorityAttribute.PriorityAttribute" name="urlLaunch" time="4.178"/>
  <system-out/>
  <testcase classname="org.priorityAttribute.PriorityAttribute" name="nameField" time="0.171"/>
  <system-out/>
  <testcase classname="org.priorityAttribute.PriorityAttribute" name="eMailField" time="0.104"/>
  <system-out/>
  <testcase classname="org.priorityAttribute.PriorityAttribute" name="phoneNumberField" time="0.084"/>
  <system-out/>
  <testcase classname="org.priorityAttribute.PriorityAttribute" name="addressField" time="0.070"/>
  <system-out/>
  <testcase classname="org.priorityAttribute.PriorityAttribute" name="genderRadioButton" time="0.151"/>
  <system-out/>
  <testcase classname="org.priorityAttribute.PriorityAttribute" name="daysCheckBox" time="0.175"/>
  <system-out/>
</testsuite> <!-- org.priorityAttribute.PriorityAttribute -->
