<?xml version="1.0" encoding="UTF-8"?>
<!-- Generated by org.testng.reporters.JUnitReportReporter -->
<testsuite hostname="KUMARANHARSHA" failures="0" tests="6" name="org.depndsOnMethodsAndPriority.DependsOnMethodsAndPriority" time="0.903" errors="0" timestamp="2024-12-30T21:38:31 IST" skipped="0">
  <testcase classname="org.depndsOnMethodsAndPriority.DependsOnMethodsAndPriority" name="daysCheckBox" time="0.159"/>
  <system-out/>
  <testcase classname="org.depndsOnMethodsAndPriority.DependsOnMethodsAndPriority" name="genderRadioButton" time="0.142"/>
  <system-out/>
  <testcase classname="org.depndsOnMethodsAndPriority.DependsOnMethodsAndPriority" name="addressField" time="0.181"/>
  <system-out/>
  <testcase classname="org.depndsOnMethodsAndPriority.DependsOnMethodsAndPriority" name="eMailField" time="0.135"/>
  <system-out/>
  <testcase classname="org.depndsOnMethodsAndPriority.DependsOnMethodsAndPriority" name="nameField" time="0.169"/>
  <system-out/>
  <testcase classname="org.depndsOnMethodsAndPriority.DependsOnMethodsAndPriority" name="phoneNumberField" time="0.117"/>
  <system-out/>
</testsuite> <!-- org.depndsOnMethodsAndPriority.DependsOnMethodsAndPriority -->
