<?xml version="1.0" encoding="UTF-8"?>
<!-- Generated by org.testng.reporters.JUnitReportReporter -->
<testsuite hostname="KUMARANHARSHA" failures="0" tests="5" name="org.includeExclude.IncludeAndExclude" time="3.986" errors="0" timestamp="2024-12-30T03:54:10 IST" skipped="0">
  <testcase classname="org.includeExclude.IncludeAndExclude" name="addressField" time="0.076"/>
  <system-out/>
  <testcase classname="org.includeExclude.IncludeAndExclude" name="urlLaunch" time="3.557"/>
  <system-out/>
  <testcase classname="org.includeExclude.IncludeAndExclude" name="nameField" time="0.138"/>
  <system-out/>
  <testcase classname="org.includeExclude.IncludeAndExclude" name="phoneNumberField" time="0.116"/>
  <system-out/>
  <testcase classname="org.includeExclude.IncludeAndExclude" name="eMailField" time="0.099"/>
  <system-out/>
</testsuite> <!-- org.includeExclude.IncludeAndExclude -->
