<?xml version="1.0" encoding="UTF-8"?>
<!-- Generated by org.testng.reporters.JUnitReportReporter -->
<testsuite hostname="KUMARANHARSHA" failures="0" tests="18" name="org.dataProviderTest1.DataProviderTest1" time="107.277" errors="0" timestamp="2024-12-30T04:11:21 IST" skipped="0">
  <testcase classname="org.dataProviderTest1.DataProviderTest1" name="dataProviderTests" time="5.482"/>
  <system-out/>
  <testcase classname="org.dataProviderTest1.DataProviderTest1" name="dataProviderTests" time="6.120"/>
  <system-out/>
  <testcase classname="org.dataProviderTest1.DataProviderTest1" name="dataProviderTests" time="5.780"/>
  <system-out/>
  <testcase classname="org.dataProviderTest1.DataProviderTest1" name="dataProviderTests" time="5.739"/>
  <system-out/>
  <testcase classname="org.dataProviderTest1.DataProviderTest1" name="dataProviderTests" time="6.509"/>
  <system-out/>
  <testcase classname="org.dataProviderTest1.DataProviderTest1" name="dataProviderTests" time="5.097"/>
  <system-out/>
  <testcase classname="org.dataProviderTest1.DataProviderTest1" name="dataProviderTests" time="4.790"/>
  <system-out/>
  <testcase classname="org.dataProviderTest1.DataProviderTest1" name="dataProviderTests" time="5.439"/>
  <system-out/>
  <testcase classname="org.dataProviderTest1.DataProviderTest1" name="dataProviderTests" time="6.287"/>
  <system-out/>
  <testcase classname="org.dataProviderTest1.DataProviderTest1" name="dataProviderTests" time="5.560"/>
  <system-out/>
  <testcase classname="org.dataProviderTest1.DataProviderTest1" name="dataProviderTests" time="7.497"/>
  <system-out/>
  <testcase classname="org.dataProviderTest1.DataProviderTest1" name="dataProviderTests" time="6.655"/>
  <system-out/>
  <testcase classname="org.dataProviderTest1.DataProviderTest1" name="dataProviderTests" time="5.961"/>
  <system-out/>
  <testcase classname="org.dataProviderTest1.DataProviderTest1" name="dataProviderTests" time="5.039"/>
  <system-out/>
  <testcase classname="org.dataProviderTest1.DataProviderTest1" name="dataProviderTests" time="7.435"/>
  <system-out/>
  <testcase classname="org.dataProviderTest1.DataProviderTest1" name="dataProviderTests" time="7.360"/>
  <system-out/>
  <testcase classname="org.dataProviderTest1.DataProviderTest1" name="dataProviderTests" time="4.712"/>
  <system-out/>
  <testcase classname="org.dataProviderTest1.DataProviderTest1" name="dataProviderTests" time="5.815"/>
  <system-out/>
</testsuite> <!-- org.dataProviderTest1.DataProviderTest1 -->
