<?xml version="1.0" encoding="UTF-8"?>
<!-- Generated by org.testng.reporters.JUnitReportReporter -->
<testsuite hostname="KUMARANHARSHA" failures="0" tests="1" name="org.invocationTimeOut.InvocationTimeOutsAttribute" time="6.596" errors="0" timestamp="2024-12-30T03:24:54 IST" skipped="0">
  <testcase classname="org.invocationTimeOut.InvocationTimeOutsAttribute" name="invocationCount" time="6.596"/>
  <system-out/>
</testsuite> <!-- org.invocationTimeOut.InvocationTimeOutsAttribute -->
