<?xml version="1.0" encoding="UTF-8"?>
<!-- Generated by org.testng.reporters.JUnitReportReporter -->
<testsuite hostname="KUMARANHARSHA" failures="0" tests="18" name="org.dataProviderTest2.DataProviderTest2" time="114.465" errors="0" timestamp="2024-12-30T04:46:45 IST" skipped="0">
  <testcase classname="org.dataProviderTest2.DataProviderTest2" name="dataProviderTests" time="7.288"/>
  <system-out/>
  <testcase classname="org.dataProviderTest2.DataProviderTest2" name="dataProviderTests" time="6.202"/>
  <system-out/>
  <testcase classname="org.dataProviderTest2.DataProviderTest2" name="dataProviderTests" time="6.757"/>
  <system-out/>
  <testcase classname="org.dataProviderTest2.DataProviderTest2" name="dataProviderTests" time="5.503"/>
  <system-out/>
  <testcase classname="org.dataProviderTest2.DataProviderTest2" name="dataProviderTests" time="6.642"/>
  <system-out/>
  <testcase classname="org.dataProviderTest2.DataProviderTest2" name="dataProviderTests" time="7.524"/>
  <system-out/>
  <testcase classname="org.dataProviderTest2.DataProviderTest2" name="dataProviderTests" time="6.789"/>
  <system-out/>
  <testcase classname="org.dataProviderTest2.DataProviderTest2" name="dataProviderTests" time="4.793"/>
  <system-out/>
  <testcase classname="org.dataProviderTest2.DataProviderTest2" name="dataProviderTests" time="4.981"/>
  <system-out/>
  <testcase classname="org.dataProviderTest2.DataProviderTest2" name="dataProviderTests" time="5.584"/>
  <system-out/>
  <testcase classname="org.dataProviderTest2.DataProviderTest2" name="dataProviderTests" time="6.953"/>
  <system-out/>
  <testcase classname="org.dataProviderTest2.DataProviderTest2" name="dataProviderTests" time="5.875"/>
  <system-out/>
  <testcase classname="org.dataProviderTest2.DataProviderTest2" name="dataProviderTests" time="8.084"/>
  <system-out/>
  <testcase classname="org.dataProviderTest2.DataProviderTest2" name="dataProviderTests" time="5.602"/>
  <system-out/>
  <testcase classname="org.dataProviderTest2.DataProviderTest2" name="dataProviderTests" time="7.416"/>
  <system-out/>
  <testcase classname="org.dataProviderTest2.DataProviderTest2" name="dataProviderTests" time="5.464"/>
  <system-out/>
  <testcase classname="org.dataProviderTest2.DataProviderTest2" name="dataProviderTests" time="6.684"/>
  <system-out/>
  <testcase classname="org.dataProviderTest2.DataProviderTest2" name="dataProviderTests" time="6.324"/>
  <system-out/>
</testsuite> <!-- org.dataProviderTest2.DataProviderTest2 -->
