<?xml version="1.0" encoding="UTF-8"?>
<!-- Generated by org.testng.reporters.JUnitReportReporter -->
<testsuite hostname="KUMARANHARSHA" failures="0" tests="6" name="org.ignoreAnnotation.IgnoreAnnotation" time="4.333" errors="0" timestamp="2024-12-29T03:09:28 IST" skipped="1">
  <testcase classname="org.ignoreAnnotation.IgnoreAnnotation" name="urlLaunch" time="3.810"/>
  <system-out/>
  <testcase classname="org.ignoreAnnotation.IgnoreAnnotation" name="nameField" time="0.128"/>
  <system-out/>
  <testcase classname="org.ignoreAnnotation.IgnoreAnnotation" name="phoneNumberField" time="0.162"/>
  <system-out/>
  <testcase classname="org.ignoreAnnotation.IgnoreAnnotation" name="genderRadioButton" time="0.114"/>
  <system-out/>
  <testcase classname="org.ignoreAnnotation.IgnoreAnnotation" name="daysCheckBox" time="0.119"/>
  <system-out/>
  <testcase classname="org.ignoreAnnotation.IgnoreAnnotation" name="eMailField">
    <skipped/>
  </testcase> <!-- eMailField -->
  <system-out/>
</testsuite> <!-- org.ignoreAnnotation.IgnoreAnnotation -->
