<?xml version="1.0" encoding="UTF-8"?>
<!-- Generated by org.testng.reporters.JUnitReportReporter -->
<testsuite hostname="KUMARANHARSHA" failures="0" tests="1" name="org.passSingleSetOfDataUsingPatameters.PassSingleSetOfDataUsingPatametersAnnotation" time="6.949" errors="0" timestamp="2024-12-30T03:42:27 IST" skipped="0">
  <testcase classname="org.passSingleSetOfDataUsingPatameters.PassSingleSetOfDataUsingPatametersAnnotation" name="invocationCount" time="6.949"/>
  <system-out/>
</testsuite> <!-- org.passSingleSetOfDataUsingPatameters.PassSingleSetOfDataUsingPatametersAnnotation -->
