<?xml version="1.0" encoding="UTF-8"?>
<!-- Generated by org.testng.reporters.JUnitReportReporter -->
<testsuite hostname="KUMARANHARSHA" failures="0" tests="7" name="org.passMultipleSetOfDataUsingPatameters.PassMultipleSetOfDataUsingPatameters" time="38.174" errors="0" timestamp="2024-12-30T13:19:26 IST" skipped="0">
  <testcase classname="org.passMultipleSetOfDataUsingPatameters.PassMultipleSetOfDataUsingPatameters" name="invocationCount" time="4.823"/>
  <system-out/>
  <testcase classname="org.passMultipleSetOfDataUsingPatameters.PassMultipleSetOfDataUsingPatameters" name="invocationCount" time="5.096"/>
  <system-out/>
  <testcase classname="org.passMultipleSetOfDataUsingPatameters.PassMultipleSetOfDataUsingPatameters" name="invocationCount" time="5.610"/>
  <system-out/>
  <testcase classname="org.passMultipleSetOfDataUsingPatameters.PassMultipleSetOfDataUsingPatameters" name="invocationCount" time="4.706"/>
  <system-out/>
  <testcase classname="org.passMultipleSetOfDataUsingPatameters.PassMultipleSetOfDataUsingPatameters" name="invocationCount" time="5.793"/>
  <system-out/>
  <testcase classname="org.passMultipleSetOfDataUsingPatameters.PassMultipleSetOfDataUsingPatameters" name="invocationCount" time="5.759"/>
  <system-out/>
  <testcase classname="org.passMultipleSetOfDataUsingPatameters.PassMultipleSetOfDataUsingPatameters" name="invocationCount" time="6.387"/>
  <system-out/>
</testsuite> <!-- org.passMultipleSetOfDataUsingPatameters.PassMultipleSetOfDataUsingPatameters -->
