<?xml version="1.0" encoding="UTF-8"?>
<!-- Generated by org.testng.reporters.JUnitReportReporter -->
<testsuite hostname="KUMARANHARSHA" failures="0" tests="6" name="org.alwaysRunAttribute.AlwaysRunAttribute" time="4.386" errors="0" timestamp="2024-12-29T03:13:03 IST" skipped="1">
  <testcase classname="org.alwaysRunAttribute.AlwaysRunAttribute" name="urlLaunch" time="3.899"/>
  <system-out/>
  <testcase classname="org.alwaysRunAttribute.AlwaysRunAttribute" name="nameField" time="0.133"/>
  <system-out/>
  <testcase classname="org.alwaysRunAttribute.AlwaysRunAttribute" name="phoneNumberField" time="0.149"/>
  <system-out/>
  <testcase classname="org.alwaysRunAttribute.AlwaysRunAttribute" name="genderRadioButton" time="0.107"/>
  <system-out/>
  <testcase classname="org.alwaysRunAttribute.AlwaysRunAttribute" name="daysCheckBox" time="0.098"/>
  <system-out/>
  <testcase classname="org.alwaysRunAttribute.AlwaysRunAttribute" name="eMailField">
    <skipped/>
  </testcase> <!-- eMailField -->
  <system-out/>
</testsuite> <!-- org.alwaysRunAttribute.AlwaysRunAttribute -->
