<?xml version="1.0" encoding="UTF-8"?>
<!-- Generated by org.testng.reporters.JUnitReportReporter -->
<testsuite hostname="KUMARANHARSHA" failures="0" tests="1" name="org.fileDownloading.FileDownloadAndValidate" time="12.727" errors="0" timestamp="2024-12-29T10:48:54 IST" skipped="0">
  <testcase classname="org.fileDownloading.FileDownloadAndValidate" name="browserLaunch" time="12.727"/>
  <system-out/>
</testsuite> <!-- org.fileDownloading.FileDownloadAndValidate -->
