<?xml version="1.0" encoding="UTF-8"?>
<!-- Generated by org.testng.reporters.JUnitReportReporter -->
<testsuite hostname="KUMARANHARSHA" failures="0" tests="1" name="org.parallelTestsExecution.ParallelTests2" time="6.547" errors="0" timestamp="2024-12-30T13:21:00 IST" skipped="0">
  <testcase classname="org.parallelTestsExecution.ParallelTests2" name="parallelTest" time="6.547"/>
  <system-out/>
</testsuite> <!-- org.parallelTestsExecution.ParallelTests2 -->
