<?xml version="1.0" encoding="UTF-8"?>
<!-- Generated by org.testng.reporters.JUnitReportReporter -->
<testsuite hostname="KUMARANHARSHA" failures="0" tests="1" name="org.parallelClassExecution.ParallelClass2" time="6.288" errors="0" timestamp="2024-12-30T11:32:53 IST" skipped="0">
  <testcase classname="org.parallelClassExecution.ParallelClass2" name="main" time="6.288"/>
  <system-out/>
</testsuite> <!-- org.parallelClassExecution.ParallelClass2 -->
