<?xml version="1.0" encoding="UTF-8"?>
<!-- Generated by org.testng.reporters.JUnitReportReporter -->
<testsuite hostname="KUMARANHARSHA" failures="0" tests="39" name="org.dependsOnMethodAttribute.DependsOnMethodAttribute" time="118.604" errors="0" timestamp="2024-12-30T03:17:02 IST" skipped="0">
  <testcase classname="org.dependsOnMethodAttribute.DependsOnMethodAttribute" name="eMailField" time="0.183"/>
  <system-out/>
  <testcase classname="org.dependsOnMethodAttribute.DependsOnMethodAttribute" name="handleTheNewTab1" time="3.566"/>
  <system-out/>
  <testcase classname="org.dependsOnMethodAttribute.DependsOnMethodAttribute" name="genderRadioButton" time="0.200"/>
  <system-out/>
  <testcase classname="org.dependsOnMethodAttribute.DependsOnMethodAttribute" name="brokenLinks" time="34.189"/>
  <system-out/>
  <testcase classname="org.dependsOnMethodAttribute.DependsOnMethodAttribute" name="phoneNumberField" time="0.171"/>
  <system-out/>
  <testcase classname="org.dependsOnMethodAttribute.DependsOnMethodAttribute" name="uploadFile2" time="0.303"/>
  <system-out/>
  <testcase classname="org.dependsOnMethodAttribute.DependsOnMethodAttribute" name="dropdown3" time="0.465"/>
  <system-out/>
  <testcase classname="org.dependsOnMethodAttribute.DependsOnMethodAttribute" name="uploadFile1" time="0.324"/>
  <system-out/>
  <testcase classname="org.dependsOnMethodAttribute.DependsOnMethodAttribute" name="webTable1" time="11.084"/>
  <system-out/>
  <testcase classname="org.dependsOnMethodAttribute.DependsOnMethodAttribute" name="confirmAlert" time="0.227"/>
  <system-out/>
  <testcase classname="org.dependsOnMethodAttribute.DependsOnMethodAttribute" name="webTable2" time="0.961"/>
  <system-out/>
  <testcase classname="org.dependsOnMethodAttribute.DependsOnMethodAttribute" name="downloadFileArea" time="6.638"/>
  <system-out/>
  <testcase classname="org.dependsOnMethodAttribute.DependsOnMethodAttribute" name="scrollingDropDown" time="1.152"/>
  <system-out/>
  <testcase classname="org.dependsOnMethodAttribute.DependsOnMethodAttribute" name="datePicker1" time="1.868"/>
  <system-out/>
  <testcase classname="org.dependsOnMethodAttribute.DependsOnMethodAttribute" name="windowHandling2" time="1.785"/>
  <system-out/>
  <testcase classname="org.dependsOnMethodAttribute.DependsOnMethodAttribute" name="hiddenElements" time="4.223"/>
  <system-out/>
  <testcase classname="org.dependsOnMethodAttribute.DependsOnMethodAttribute" name="dragAndDrop" time="0.373"/>
  <system-out/>
  <testcase classname="org.dependsOnMethodAttribute.DependsOnMethodAttribute" name="addressField" time="0.129"/>
  <system-out/>
  <testcase classname="org.dependsOnMethodAttribute.DependsOnMethodAttribute" name="shadowDomSendKeys" time="0.273"/>
  <system-out/>
  <testcase classname="org.dependsOnMethodAttribute.DependsOnMethodAttribute" name="urlLaunch" time="3.941"/>
  <system-out/>
  <testcase classname="org.dependsOnMethodAttribute.DependsOnMethodAttribute" name="getTheAllTagsCount" time="30.678"/>
  <system-out/>
  <testcase classname="org.dependsOnMethodAttribute.DependsOnMethodAttribute" name="form2" time="0.152"/>
  <system-out/>
  <testcase classname="org.dependsOnMethodAttribute.DependsOnMethodAttribute" name="form1" time="0.153"/>
  <system-out/>
  <testcase classname="org.dependsOnMethodAttribute.DependsOnMethodAttribute" name="mouseHover" time="0.190"/>
  <system-out/>
  <testcase classname="org.dependsOnMethodAttribute.DependsOnMethodAttribute" name="dropdown1" time="0.689"/>
  <system-out/>
  <testcase classname="org.dependsOnMethodAttribute.DependsOnMethodAttribute" name="datePicker2" time="0.924"/>
  <system-out/>
  <testcase classname="org.dependsOnMethodAttribute.DependsOnMethodAttribute" name="svgElements" time="0.544"/>
  <system-out/>
  <testcase classname="org.dependsOnMethodAttribute.DependsOnMethodAttribute" name="doubleClick" time="0.216"/>
  <system-out/>
  <testcase classname="org.dependsOnMethodAttribute.DependsOnMethodAttribute" name="form3" time="0.137"/>
  <system-out/>
  <testcase classname="org.dependsOnMethodAttribute.DependsOnMethodAttribute" name="contextClick" time="0.025"/>
  <system-out/>
  <testcase classname="org.dependsOnMethodAttribute.DependsOnMethodAttribute" name="handleTheNewWindow" time="2.467"/>
  <system-out/>
  <testcase classname="org.dependsOnMethodAttribute.DependsOnMethodAttribute" name="windowHandling1" time="3.092"/>
  <system-out/>
  <testcase classname="org.dependsOnMethodAttribute.DependsOnMethodAttribute" name="nameField" time="0.193"/>
  <system-out/>
  <testcase classname="org.dependsOnMethodAttribute.DependsOnMethodAttribute" name="handleTheNewTab2" time="4.597"/>
  <system-out/>
  <testcase classname="org.dependsOnMethodAttribute.DependsOnMethodAttribute" name="getTheAllTextOfTheLinksAndText" time="1.430"/>
  <system-out/>
  <testcase classname="org.dependsOnMethodAttribute.DependsOnMethodAttribute" name="dropdown2" time="0.519"/>
  <system-out/>
  <testcase classname="org.dependsOnMethodAttribute.DependsOnMethodAttribute" name="simpleAlert" time="0.166"/>
  <system-out/>
  <testcase classname="org.dependsOnMethodAttribute.DependsOnMethodAttribute" name="daysCheckBox" time="0.152"/>
  <system-out/>
  <testcase classname="org.dependsOnMethodAttribute.DependsOnMethodAttribute" name="promptAlert" time="0.225"/>
  <system-out/>
</testsuite> <!-- org.dependsOnMethodAttribute.DependsOnMethodAttribute -->
