<?xml version="1.0" encoding="UTF-8"?>
<!-- Generated by org.testng.reporters.JUnitReportReporter -->
<testsuite hostname="KUMARANHARSHA" failures="0" tests="6" name="org.parallelClassExecution.ParallelClass1" time="3.244" errors="0" timestamp="2024-12-30T11:32:53 IST" skipped="0">
  <testcase classname="org.parallelClassExecution.ParallelClass1" name="addressField" time="2.668"/>
  <system-out/>
  <testcase classname="org.parallelClassExecution.ParallelClass1" name="eMailField" time="0.124"/>
  <system-out/>
  <testcase classname="org.parallelClassExecution.ParallelClass1" name="nameField" time="0.121"/>
  <system-out/>
  <testcase classname="org.parallelClassExecution.ParallelClass1" name="genderRadioButton" time="0.093"/>
  <system-out/>
  <testcase classname="org.parallelClassExecution.ParallelClass1" name="phoneNumberField" time="0.123"/>
  <system-out/>
  <testcase classname="org.parallelClassExecution.ParallelClass1" name="daysCheckBox" time="0.115"/>
  <system-out/>
</testsuite> <!-- org.parallelClassExecution.ParallelClass1 -->
