<?xml version="1.0" encoding="UTF-8"?>
<!-- Generated by org.testng.reporters.JUnitReportReporter -->
<testsuite hostname="KUMARANHARSHA" failures="0" tests="5" name="org.enableAndAlwaysRun.EnableAndAlwaysRunAttribute" time="4.557" errors="0" timestamp="2024-12-30T21:33:01 IST" skipped="2">
  <testcase classname="org.enableAndAlwaysRun.EnableAndAlwaysRunAttribute" name="urlLaunch" time="4.297"/>
  <system-out/>
  <testcase classname="org.enableAndAlwaysRun.EnableAndAlwaysRunAttribute" name="eMailField" time="0.160"/>
  <system-out/>
  <testcase classname="org.enableAndAlwaysRun.EnableAndAlwaysRunAttribute" name="phoneNumberField" time="0.100"/>
  <system-out/>
  <testcase classname="org.enableAndAlwaysRun.EnableAndAlwaysRunAttribute" name="nameField">
    <skipped/>
  </testcase> <!-- nameField -->
  <system-out/>
  <testcase classname="org.enableAndAlwaysRun.EnableAndAlwaysRunAttribute" name="addressField">
    <skipped/>
  </testcase> <!-- addressField -->
  <system-out/>
</testsuite> <!-- org.enableAndAlwaysRun.EnableAndAlwaysRunAttribute -->
