<?xml version="1.0" encoding="UTF-8"?>
<!-- Generated by org.testng.reporters.JUnitReportReporter -->
<testsuite hostname="KUMARANHARSHA" failures="0" tests="8" name="org.assertion.Assertions" time="5.631" errors="0" timestamp="2024-12-30T21:27:21 IST" skipped="0">
  <testcase classname="org.assertion.Assertions" name="urlAndPageTitleValidation" time="0.037"/>
  <system-out/>
  <testcase classname="org.assertion.Assertions" name="genderRadioButton" time="0.160"/>
  <system-out/>
  <testcase classname="org.assertion.Assertions" name="urlLaunch" time="4.575"/>
  <system-out/>
  <testcase classname="org.assertion.Assertions" name="addressField" time="0.199"/>
  <system-out/>
  <testcase classname="org.assertion.Assertions" name="nameField" time="0.195"/>
  <system-out/>
  <testcase classname="org.assertion.Assertions" name="eMailField" time="0.114"/>
  <system-out/>
  <testcase classname="org.assertion.Assertions" name="phoneNumberField" time="0.101"/>
  <system-out/>
  <testcase classname="org.assertion.Assertions" name="dayCheckBox" time="0.250"/>
  <system-out/>
</testsuite> <!-- org.assertion.Assertions -->
